mode: set
git.garena.com/sea-labs-id/bootcamp/batch-03/maulana-jaelani/exercise-job-application-rest-api/service/applicantrecord.go:20.166,26.2 1 0
git.garena.com/sea-labs-id/bootcamp/batch-03/maulana-jaelani/exercise-job-application-rest-api/service/applicantrecord.go:27.122,29.78 2 0
git.garena.com/sea-labs-id/bootcamp/batch-03/maulana-jaelani/exercise-job-application-rest-api/service/applicantrecord.go:62.2,62.16 1 0
git.garena.com/sea-labs-id/bootcamp/batch-03/maulana-jaelani/exercise-job-application-rest-api/service/applicantrecord.go:65.2,65.20 1 0
git.garena.com/sea-labs-id/bootcamp/batch-03/maulana-jaelani/exercise-job-application-rest-api/service/applicantrecord.go:29.78,33.17 4 0
git.garena.com/sea-labs-id/bootcamp/batch-03/maulana-jaelani/exercise-job-application-rest-api/service/applicantrecord.go:36.3,36.17 1 0
git.garena.com/sea-labs-id/bootcamp/batch-03/maulana-jaelani/exercise-job-application-rest-api/service/applicantrecord.go:60.3,60.31 1 0
git.garena.com/sea-labs-id/bootcamp/batch-03/maulana-jaelani/exercise-job-application-rest-api/service/applicantrecord.go:33.17,35.4 1 0
git.garena.com/sea-labs-id/bootcamp/batch-03/maulana-jaelani/exercise-job-application-rest-api/service/applicantrecord.go:36.17,37.22 1 0
git.garena.com/sea-labs-id/bootcamp/batch-03/maulana-jaelani/exercise-job-application-rest-api/service/applicantrecord.go:40.4,42.18 3 0
git.garena.com/sea-labs-id/bootcamp/batch-03/maulana-jaelani/exercise-job-application-rest-api/service/applicantrecord.go:45.4,45.21 1 0
git.garena.com/sea-labs-id/bootcamp/batch-03/maulana-jaelani/exercise-job-application-rest-api/service/applicantrecord.go:48.4,49.18 2 0
git.garena.com/sea-labs-id/bootcamp/batch-03/maulana-jaelani/exercise-job-application-rest-api/service/applicantrecord.go:52.4,53.18 2 0
git.garena.com/sea-labs-id/bootcamp/batch-03/maulana-jaelani/exercise-job-application-rest-api/service/applicantrecord.go:56.4,58.14 3 0
git.garena.com/sea-labs-id/bootcamp/batch-03/maulana-jaelani/exercise-job-application-rest-api/service/applicantrecord.go:37.22,39.5 1 0
git.garena.com/sea-labs-id/bootcamp/batch-03/maulana-jaelani/exercise-job-application-rest-api/service/applicantrecord.go:42.18,44.5 1 0
git.garena.com/sea-labs-id/bootcamp/batch-03/maulana-jaelani/exercise-job-application-rest-api/service/applicantrecord.go:45.21,47.5 1 0
git.garena.com/sea-labs-id/bootcamp/batch-03/maulana-jaelani/exercise-job-application-rest-api/service/applicantrecord.go:49.18,51.5 1 0
git.garena.com/sea-labs-id/bootcamp/batch-03/maulana-jaelani/exercise-job-application-rest-api/service/applicantrecord.go:53.18,55.5 1 0
git.garena.com/sea-labs-id/bootcamp/batch-03/maulana-jaelani/exercise-job-application-rest-api/service/applicantrecord.go:62.16,64.3 1 0
git.garena.com/sea-labs-id/bootcamp/batch-03/maulana-jaelani/exercise-job-application-rest-api/service/job.go:24.94,29.2 1 1
git.garena.com/sea-labs-id/bootcamp/batch-03/maulana-jaelani/exercise-job-application-rest-api/service/job.go:30.86,32.16 2 1
git.garena.com/sea-labs-id/bootcamp/batch-03/maulana-jaelani/exercise-job-application-rest-api/service/job.go:35.2,35.16 1 1
git.garena.com/sea-labs-id/bootcamp/batch-03/maulana-jaelani/exercise-job-application-rest-api/service/job.go:32.16,34.3 1 1
git.garena.com/sea-labs-id/bootcamp/batch-03/maulana-jaelani/exercise-job-application-rest-api/service/job.go:37.79,39.16 2 1
git.garena.com/sea-labs-id/bootcamp/batch-03/maulana-jaelani/exercise-job-application-rest-api/service/job.go:42.2,42.18 1 1
git.garena.com/sea-labs-id/bootcamp/batch-03/maulana-jaelani/exercise-job-application-rest-api/service/job.go:39.16,41.3 1 1
git.garena.com/sea-labs-id/bootcamp/batch-03/maulana-jaelani/exercise-job-application-rest-api/service/job.go:44.72,45.78 1 1
git.garena.com/sea-labs-id/bootcamp/batch-03/maulana-jaelani/exercise-job-application-rest-api/service/job.go:59.2,59.16 1 1
git.garena.com/sea-labs-id/bootcamp/batch-03/maulana-jaelani/exercise-job-application-rest-api/service/job.go:62.2,62.12 1 1
git.garena.com/sea-labs-id/bootcamp/batch-03/maulana-jaelani/exercise-job-application-rest-api/service/job.go:45.78,47.17 2 0
git.garena.com/sea-labs-id/bootcamp/batch-03/maulana-jaelani/exercise-job-application-rest-api/service/job.go:50.3,50.18 1 0
git.garena.com/sea-labs-id/bootcamp/batch-03/maulana-jaelani/exercise-job-application-rest-api/service/job.go:57.3,57.31 1 0
git.garena.com/sea-labs-id/bootcamp/batch-03/maulana-jaelani/exercise-job-application-rest-api/service/job.go:47.17,49.4 1 0
git.garena.com/sea-labs-id/bootcamp/batch-03/maulana-jaelani/exercise-job-application-rest-api/service/job.go:50.18,52.18 2 0
git.garena.com/sea-labs-id/bootcamp/batch-03/maulana-jaelani/exercise-job-application-rest-api/service/job.go:55.4,55.14 1 0
git.garena.com/sea-labs-id/bootcamp/batch-03/maulana-jaelani/exercise-job-application-rest-api/service/job.go:52.18,54.5 1 0
git.garena.com/sea-labs-id/bootcamp/batch-03/maulana-jaelani/exercise-job-application-rest-api/service/job.go:59.16,61.3 1 1
git.garena.com/sea-labs-id/bootcamp/batch-03/maulana-jaelani/exercise-job-application-rest-api/service/job.go:64.77,65.78 1 0
git.garena.com/sea-labs-id/bootcamp/batch-03/maulana-jaelani/exercise-job-application-rest-api/service/job.go:79.2,79.16 1 0
git.garena.com/sea-labs-id/bootcamp/batch-03/maulana-jaelani/exercise-job-application-rest-api/service/job.go:82.2,82.12 1 0
git.garena.com/sea-labs-id/bootcamp/batch-03/maulana-jaelani/exercise-job-application-rest-api/service/job.go:65.78,67.17 2 0
git.garena.com/sea-labs-id/bootcamp/batch-03/maulana-jaelani/exercise-job-application-rest-api/service/job.go:70.3,70.18 1 0
git.garena.com/sea-labs-id/bootcamp/batch-03/maulana-jaelani/exercise-job-application-rest-api/service/job.go:77.3,77.31 1 0
git.garena.com/sea-labs-id/bootcamp/batch-03/maulana-jaelani/exercise-job-application-rest-api/service/job.go:67.17,69.4 1 0
git.garena.com/sea-labs-id/bootcamp/batch-03/maulana-jaelani/exercise-job-application-rest-api/service/job.go:70.18,72.18 2 0
git.garena.com/sea-labs-id/bootcamp/batch-03/maulana-jaelani/exercise-job-application-rest-api/service/job.go:75.4,75.14 1 0
git.garena.com/sea-labs-id/bootcamp/batch-03/maulana-jaelani/exercise-job-application-rest-api/service/job.go:72.18,74.5 1 0
git.garena.com/sea-labs-id/bootcamp/batch-03/maulana-jaelani/exercise-job-application-rest-api/service/job.go:79.16,81.3 1 0
git.garena.com/sea-labs-id/bootcamp/batch-03/maulana-jaelani/exercise-job-application-rest-api/service/job.go:84.84,85.78 1 0
git.garena.com/sea-labs-id/bootcamp/batch-03/maulana-jaelani/exercise-job-application-rest-api/service/job.go:99.2,99.16 1 0
git.garena.com/sea-labs-id/bootcamp/batch-03/maulana-jaelani/exercise-job-application-rest-api/service/job.go:102.2,102.12 1 0
git.garena.com/sea-labs-id/bootcamp/batch-03/maulana-jaelani/exercise-job-application-rest-api/service/job.go:85.78,87.17 2 0
git.garena.com/sea-labs-id/bootcamp/batch-03/maulana-jaelani/exercise-job-application-rest-api/service/job.go:90.3,90.18 1 0
git.garena.com/sea-labs-id/bootcamp/batch-03/maulana-jaelani/exercise-job-application-rest-api/service/job.go:97.3,97.31 1 0
git.garena.com/sea-labs-id/bootcamp/batch-03/maulana-jaelani/exercise-job-application-rest-api/service/job.go:87.17,89.4 1 0
git.garena.com/sea-labs-id/bootcamp/batch-03/maulana-jaelani/exercise-job-application-rest-api/service/job.go:90.18,92.18 2 0
git.garena.com/sea-labs-id/bootcamp/batch-03/maulana-jaelani/exercise-job-application-rest-api/service/job.go:95.4,95.14 1 0
git.garena.com/sea-labs-id/bootcamp/batch-03/maulana-jaelani/exercise-job-application-rest-api/service/job.go:92.18,94.5 1 0
git.garena.com/sea-labs-id/bootcamp/batch-03/maulana-jaelani/exercise-job-application-rest-api/service/job.go:99.16,101.3 1 0
git.garena.com/sea-labs-id/bootcamp/batch-03/maulana-jaelani/exercise-job-application-rest-api/service/user.go:20.100,25.2 1 1
git.garena.com/sea-labs-id/bootcamp/batch-03/maulana-jaelani/exercise-job-application-rest-api/service/user.go:26.88,28.16 2 1
git.garena.com/sea-labs-id/bootcamp/batch-03/maulana-jaelani/exercise-job-application-rest-api/service/user.go:31.2,33.16 3 1
git.garena.com/sea-labs-id/bootcamp/batch-03/maulana-jaelani/exercise-job-application-rest-api/service/user.go:36.2,36.16 1 1
git.garena.com/sea-labs-id/bootcamp/batch-03/maulana-jaelani/exercise-job-application-rest-api/service/user.go:28.16,30.3 1 1
git.garena.com/sea-labs-id/bootcamp/batch-03/maulana-jaelani/exercise-job-application-rest-api/service/user.go:33.16,35.3 1 1
git.garena.com/sea-labs-id/bootcamp/batch-03/maulana-jaelani/exercise-job-application-rest-api/service/user.go:38.88,40.16 2 1
git.garena.com/sea-labs-id/bootcamp/batch-03/maulana-jaelani/exercise-job-application-rest-api/service/user.go:43.2,43.21 1 1
git.garena.com/sea-labs-id/bootcamp/batch-03/maulana-jaelani/exercise-job-application-rest-api/service/user.go:58.2,58.36 1 1
git.garena.com/sea-labs-id/bootcamp/batch-03/maulana-jaelani/exercise-job-application-rest-api/service/user.go:40.16,42.3 1 1
git.garena.com/sea-labs-id/bootcamp/batch-03/maulana-jaelani/exercise-job-application-rest-api/service/user.go:43.21,46.17 3 1
git.garena.com/sea-labs-id/bootcamp/batch-03/maulana-jaelani/exercise-job-application-rest-api/service/user.go:49.3,49.14 1 1
git.garena.com/sea-labs-id/bootcamp/batch-03/maulana-jaelani/exercise-job-application-rest-api/service/user.go:52.3,53.17 2 1
git.garena.com/sea-labs-id/bootcamp/batch-03/maulana-jaelani/exercise-job-application-rest-api/service/user.go:56.3,56.19 1 1
git.garena.com/sea-labs-id/bootcamp/batch-03/maulana-jaelani/exercise-job-application-rest-api/service/user.go:46.17,48.4 1 1
git.garena.com/sea-labs-id/bootcamp/batch-03/maulana-jaelani/exercise-job-application-rest-api/service/user.go:49.14,51.4 1 1
git.garena.com/sea-labs-id/bootcamp/batch-03/maulana-jaelani/exercise-job-application-rest-api/service/user.go:53.17,55.4 1 1
